<?xml version="1.0" encoding="UTF-8"?>
<testng-results skipped="0" failed="0" ignored="0" total="1" passed="1">
  <reporter-output>
  </reporter-output>
  <suite name="Default suite" duration-ms="9243" started-at="2017-02-01T01:21:53Z" finished-at="2017-02-01T01:22:02Z">
    <groups>
    </groups>
    <test name="Default test" duration-ms="9243" started-at="2017-02-01T01:21:53Z" finished-at="2017-02-01T01:22:02Z">
      <class name="TestClass">
        <test-method status="PASS" signature="TestClass()[pri:0, instance:TestClass@224edc67]" name="TestClass" duration-ms="9214" started-at="2017-01-31T20:21:53Z" finished-at="2017-01-31T20:22:02Z">
          <reporter-output>
          </reporter-output>
        </test-method> <!-- TestClass -->
      </class> <!-- TestClass -->
    </test> <!-- Default test -->
  </suite> <!-- Default suite -->
</testng-results>
